2022-07-19 14:43:28,067 - D:\rodc-ddpg\globalParameters.py[line:88] - DEBUG: [main.py-15][RODC-DDPG][line-9][Training Episode - 1]
2022-07-19 14:43:28,067 - D:\rodc-ddpg\globalParameters.py[line:90] - DEBUG: [main.py-16][RODC-DDPG][line-10][Reset env and agent]
2022-07-19 14:43:28,068 - D:\rodc-ddpg\globalParameters.py[line:88] - DEBUG: [main.py-23][RODC-DDPG][line-11][Training Time Steps - 0]
2022-07-19 14:43:28,069 - D:\rodc-ddpg\globalParameters.py[line:88] - DEBUG: [environment.py-118][RODC-DDPG][line-12][env sends s[0]=[1.00000000e-03 3.75924144e-05 1.00000000e-03 8.50730241e-01
 1.00000000e-03 3.75924144e-05 1.00000000e-03 3.61180149e-01
 1.00000000e-03 3.75924144e-05 1.00000000e-03 7.01759893e-01
 2.50616096e-06 1.50369658e-05 1.00000000e-03 9.98286518e-01
 2.50616096e-06 1.50369658e-05 1.00000000e-03 8.71645427e-01
 5.01232192e-06 2.75677705e-05 1.00000000e-03 2.82952245e-02
 5.01232192e-06 2.75677705e-05 1.00000000e-03 1.00000000e+00
 7.51848288e-06 4.26047363e-05 1.00000000e-03 2.44215708e-01
 7.51848288e-06 4.26047363e-05 1.00000000e-03 4.73838050e-03
 1.00246438e-05 1.50369658e-05 1.00000000e-03 5.96678153e-01
 1.00246438e-05 1.50369658e-05 1.00000000e-03 3.18491284e-01
 1.25308048e-05 4.26047363e-05 1.00000000e-03 4.22164972e-01
 1.25308048e-05 4.26047363e-05 1.00000000e-03 2.02539296e-01
 1.50369658e-05 4.26047363e-05 1.00000000e-03 9.54892718e-01], reward=-1.000000 delay=0.000000]

2022-07-19 14:43:28,422 - D:\rodc-ddpg\globalParameters.py[line:90] - DEBUG: [ddpg.py-130][RODC-DDPG][Update actor target]
2022-07-19 14:43:28,482 - D:\rodc-ddpg\globalParameters.py[line:90] - DEBUG: [ddpg.py-138][RODC-DDPG][Update critic target]
2022-07-19 14:43:28,550 - D:\rodc-ddpg\globalParameters.py[line:88] - DEBUG: [environment.py-103][RODC-DDPG][line-24][env executes a[0]=[0.47608158 0.46779996 0.65672666 0.34429383 0.94101244 0.4582461
 0.0240827  0.2477715  0.         0.42724222 0.06635151 0.6088579
 0.08409255 0.5108737  0.5382906  0.7936927  0.6337267  0.7529198
 0.5794598  0.91930276 0.6425018  1.         0.34474054 0.8098351
 0.76483196 0.43104368 0.63007516 0.53187054 0.51407117 0.62814707
 0.45648232 0.2377108  0.09015933 0.36833745 0.02509764 0.67696804
 0.7537084 ]]
2022-07-19 14:43:28,553 - D:\rodc-ddpg\globalParameters.py[line:88] - DEBUG: [environment.py-192][RODC-DDPG]At time 0.000000~1.000000, 13 REQs are processing, 3 REQs are successfully processed (average service time 0.200000), 0 REQs are reject; Reward: 1.153846
2022-07-19 14:43:28,553 - D:\rodc-ddpg\globalParameters.py[line:88] - DEBUG: [main.py-23][RODC-DDPG][line-11][Training Time Steps - 1]
2022-07-19 14:43:28,554 - D:\rodc-ddpg\globalParameters.py[line:88] - DEBUG: [environment.py-118][RODC-DDPG][line-12][env sends s[1]=[1.00000000e-03 9.05257774e-06 1.00000000e-03 4.66855603e-01
 1.00000000e-03 9.05257774e-06 1.00000000e-03 1.00000000e+00
 1.00000000e-03 9.05257774e-06 1.00000000e-03 2.68537527e-01
 3.01752591e-06 2.71577332e-05 1.00000000e-03 8.61431155e-01
 3.01752591e-06 2.71577332e-05 1.00000000e-03 5.02350206e-01
 6.03505183e-06 5.73329924e-05 1.00000000e-03 4.64048540e-01
 6.03505183e-06 5.73329924e-05 1.00000000e-03 8.77681009e-01
 9.05257774e-06 3.01752591e-05 1.00000000e-03 3.16524692e-04
 9.05257774e-06 3.01752591e-05 2.71577332e-05 3.50175422e-01
 1.20701037e-05 5.12979405e-05 1.00000000e-03 1.67057402e-01
 1.20701037e-05 5.12979405e-05 1.00000000e-03 9.57501985e-01
 1.50876296e-05 6.03505183e-05 1.00000000e-03 5.05942917e-02
 1.50876296e-05 6.03505183e-05 1.00000000e-03 1.37886115e-03
 1.81051555e-05 6.63855701e-05 1.00000000e-03 6.82693024e-01], reward=1.153846 delay=0.000000]

2022-07-19 14:43:28,557 - D:\rodc-ddpg\globalParameters.py[line:90] - DEBUG: [ddpg.py-130][RODC-DDPG][Update actor target]
2022-07-19 14:43:28,563 - D:\rodc-ddpg\globalParameters.py[line:90] - DEBUG: [ddpg.py-138][RODC-DDPG][Update critic target]
2022-07-19 14:43:28,574 - D:\rodc-ddpg\globalParameters.py[line:88] - DEBUG: [environment.py-103][RODC-DDPG][line-24][env executes a[1]=[0.40904805 0.50847286 0.5874785  0.22064771 0.88648504 0.66630244
 0.03853717 0.11416321 0.09386181 0.49880108 0.33467895 0.5785188
 0.2586357  0.728811   0.6961531  0.6991342  0.74719983 0.7563625
 0.72176147 1.         0.6976036  0.9902119  0.73110765 0.96782964
 0.64361674 0.42015746 0.71212196 0.76980245 0.5044234  0.7169998
 0.7046719  0.3932026  0.2217394  0.31309128 0.         0.7409001
 0.95626223]]
2022-07-19 14:43:28,578 - D:\rodc-ddpg\globalParameters.py[line:88] - DEBUG: [environment.py-192][RODC-DDPG]At time 1.000000~2.000000, 38 REQs are processing, 22 REQs are successfully processed (average service time 0.522727), 0 REQs are reject; Reward: 1.107551
2022-07-19 14:43:28,578 - D:\rodc-ddpg\globalParameters.py[line:88] - DEBUG: [main.py-23][RODC-DDPG][line-11][Training Time Steps - 2]
2022-07-19 14:43:28,579 - D:\rodc-ddpg\globalParameters.py[line:88] - DEBUG: [environment.py-118][RODC-DDPG][line-12][env sends s[2]=[1.00000000e-03 4.50353216e-05 1.00000000e-03 2.90451394e-02
 1.00000000e-03 4.50353216e-05 1.00000000e-03 9.95459872e-01
 1.00000000e-03 4.50353216e-05 1.00000000e-03 7.75958581e-05
 2.50196231e-06 3.75294347e-05 1.00000000e-03 2.35266451e-01
 2.50196231e-06 3.75294347e-05 1.00000000e-03 3.99673199e-02
 5.00392462e-06 2.50196231e-06 1.00000000e-03 8.47587243e-01
 5.00392462e-06 2.50196231e-06 1.00000000e-03 2.48115325e-01
 7.50588694e-06 2.00156985e-05 1.00078492e-05 2.16535555e-01
 7.50588694e-06 2.00156985e-05 1.00000000e-03 7.69076995e-01
 1.00078492e-05 2.25176608e-05 1.00000000e-03 1.40594923e-02
 1.00078492e-05 2.25176608e-05 1.00000000e-03 1.00000000e+00
 1.25098116e-05 2.75215854e-05 1.00000000e-03 8.39321076e-02
 1.25098116e-05 2.75215854e-05 2.75215854e-05 2.59093974e-01
 1.50117739e-05 5.25412086e-05 1.00000000e-03 1.18442404e-01], reward=1.107551 delay=0.000000]

2022-07-19 14:43:28,582 - D:\rodc-ddpg\globalParameters.py[line:90] - DEBUG: [ddpg.py-105][RODC-DDPG][Training critic]
2022-07-19 14:43:29,303 - D:\rodc-ddpg\globalParameters.py[line:90] - DEBUG: [ddpg.py-113][RODC-DDPG][Training actor]
2022-07-19 14:43:29,366 - D:\rodc-ddpg\globalParameters.py[line:90] - DEBUG: [ddpg.py-130][RODC-DDPG][Update actor target]
2022-07-19 14:43:29,372 - D:\rodc-ddpg\globalParameters.py[line:90] - DEBUG: [ddpg.py-138][RODC-DDPG][Update critic target]
2022-07-19 14:43:29,382 - D:\rodc-ddpg\globalParameters.py[line:88] - DEBUG: [environment.py-103][RODC-DDPG][line-24][env executes a[2]=[0.44844806 0.27649227 0.80978054 0.05936805 0.8595632  0.75262743
 0.14089407 0.06766396 0.06277085 0.44160998 0.2087977  0.4400144
 0.2860361  0.7983782  0.51179725 0.45943847 0.7694644  0.331505
 0.5694815  1.         0.76491606 0.97208786 0.98763335 0.6099221
 0.80836755 0.25188035 0.75954974 0.68062574 0.05351941 0.58760285
 0.64748406 0.70503765 0.34283638 0.43695834 0.         0.98103225
 0.973579  ]]
2022-07-19 14:43:29,387 - D:\rodc-ddpg\globalParameters.py[line:88] - DEBUG: [environment.py-192][RODC-DDPG]At time 2.000000~3.000000, 76 REQs are processing, 51 REQs are successfully processed (average service time 0.484706), 0 REQs are reject; Reward: 1.384453
2022-07-19 14:43:29,387 - D:\rodc-ddpg\globalParameters.py[line:88] - DEBUG: [main.py-23][RODC-DDPG][line-11][Training Time Steps - 3]
2022-07-19 14:43:29,388 - D:\rodc-ddpg\globalParameters.py[line:88] - DEBUG: [environment.py-118][RODC-DDPG][line-12][env sends s[3]=[1.00000000e-03 1.00000396e-05 1.00000000e-03 1.04273063e-01
 1.00000000e-03 1.00000396e-05 1.00000000e-03 7.06062041e-01
 1.00000000e-03 1.00000396e-05 6.50002576e-05 2.37300878e-01
 2.50000991e-06 7.50002973e-06 1.00000000e-03 3.83713700e-05
 2.50000991e-06 7.50002973e-06 1.00000000e-03 8.66592543e-02
 5.00001982e-06 1.25000495e-05 1.00000000e-03 9.90428843e-01
 5.00001982e-06 1.25000495e-05 1.00000000e-03 4.49140937e-04
 7.50002973e-06 1.25000495e-05 1.00000000e-03 6.93244002e-01
 7.50002973e-06 1.25000495e-05 1.00000000e-03 1.00000000e+00
 1.00000396e-05 3.75001486e-05 1.00000000e-03 3.36473926e-01
 1.00000396e-05 3.75001486e-05 1.00000000e-03 7.46173756e-01
 1.25000495e-05 4.00001585e-05 1.00000000e-03 5.08408965e-01
 1.25000495e-05 4.00001585e-05 1.00000000e-03 7.38316797e-01
 1.50000595e-05 3.00001189e-05 1.00000000e-03 2.19802100e-02], reward=1.384453 delay=0.000000]

2022-07-19 14:43:29,391 - D:\rodc-ddpg\globalParameters.py[line:90] - DEBUG: [ddpg.py-105][RODC-DDPG][Training critic]
2022-07-19 14:43:29,399 - D:\rodc-ddpg\globalParameters.py[line:90] - DEBUG: [ddpg.py-113][RODC-DDPG][Training actor]
2022-07-19 14:43:29,404 - D:\rodc-ddpg\globalParameters.py[line:90] - DEBUG: [ddpg.py-130][RODC-DDPG][Update actor target]
2022-07-19 14:43:29,408 - D:\rodc-ddpg\globalParameters.py[line:90] - DEBUG: [ddpg.py-138][RODC-DDPG][Update critic target]
2022-07-19 14:43:29,418 - D:\rodc-ddpg\globalParameters.py[line:88] - DEBUG: [environment.py-103][RODC-DDPG][line-24][env executes a[3]=[0.45463535 0.34930968 0.72166556 0.28315464 0.81435305 0.68620116
 0.30686435 0.58861    0.13252336 0.46209055 0.1700442  0.52987754
 0.31824803 0.56812936 0.58601445 0.31711575 0.41337135 0.17622027
 0.5349588  0.6807415  0.80992484 0.88965505 0.7930156  0.5241411
 0.8837938  0.2628214  0.68449014 0.6764489  0.         0.5041786
 0.60221237 0.5639585  0.2655249  0.61831635 0.12207004 1.
 0.76037085]]
2022-07-19 14:43:29,424 - D:\rodc-ddpg\globalParameters.py[line:88] - DEBUG: [environment.py-192][RODC-DDPG]At time 3.000000~4.000000, 129 REQs are processing, 101 REQs are successfully processed (average service time 0.241584), 0 REQs are reject; Reward: 3.240882
2022-07-19 14:43:29,425 - D:\rodc-ddpg\globalParameters.py[line:88] - DEBUG: [main.py-23][RODC-DDPG][line-11][Training Time Steps - 4]
2022-07-19 14:43:29,426 - D:\rodc-ddpg\globalParameters.py[line:88] - DEBUG: [environment.py-118][RODC-DDPG][line-12][env sends s[4]=[1.00000000e-03 2.50342392e-05 1.00000000e-03 5.44097001e-01
 1.00000000e-03 2.50342392e-05 1.00000000e-03 2.28301692e-01
 1.00000000e-03 2.50342392e-05 1.00000000e-03 7.17028243e-01
 2.50342392e-06 4.00547828e-05 3.25445110e-05 2.24964912e-01
 2.50342392e-06 4.00547828e-05 1.00000000e-03 5.14108885e-01
 5.00684785e-06 3.75513589e-05 1.00000000e-03 6.83968417e-01
 5.00684785e-06 3.75513589e-05 1.25171196e-05 2.12553018e-01
 7.51027177e-06 5.00684785e-06 1.00000000e-03 9.93810899e-01
 7.51027177e-06 5.00684785e-06 1.00000000e-03 7.72881289e-01
 1.00136957e-05 2.00273914e-05 1.00000000e-03 8.10351379e-01
 1.00136957e-05 2.00273914e-05 1.00000000e-03 2.67163008e-01
 1.25171196e-05 5.25719024e-05 1.00000000e-03 9.26485461e-01
 1.25171196e-05 5.25719024e-05 1.00000000e-03 1.00000000e+00
 1.50205435e-05 3.75513589e-05 1.00000000e-03 3.65600038e-01], reward=3.240882 delay=0.000000]

2022-07-19 14:43:29,428 - D:\rodc-ddpg\globalParameters.py[line:90] - DEBUG: [ddpg.py-105][RODC-DDPG][Training critic]
2022-07-19 14:43:29,436 - D:\rodc-ddpg\globalParameters.py[line:90] - DEBUG: [ddpg.py-113][RODC-DDPG][Training actor]
2022-07-19 14:43:29,440 - D:\rodc-ddpg\globalParameters.py[line:90] - DEBUG: [ddpg.py-130][RODC-DDPG][Update actor target]
2022-07-19 14:43:29,446 - D:\rodc-ddpg\globalParameters.py[line:90] - DEBUG: [ddpg.py-138][RODC-DDPG][Update critic target]
2022-07-19 14:43:29,456 - D:\rodc-ddpg\globalParameters.py[line:88] - DEBUG: [environment.py-103][RODC-DDPG][line-24][env executes a[4]=[0.49779165 0.38639992 0.8343016  0.3497998  0.86188304 0.48473006
 0.2697075  0.67069674 0.08732912 0.51372176 0.         0.77107847
 0.10880182 0.45893657 0.5975434  0.3585372  0.26698846 0.27744055
 0.6357227  0.66284394 0.7478603  0.8765047  0.64775246 0.43113276
 0.931227   0.33434635 0.5197831  0.535186   0.07480068 0.60775906
 0.4828952  0.3296918  0.15727447 0.610234   0.11743848 1.
 0.47096252]]
2022-07-19 14:43:29,463 - D:\rodc-ddpg\globalParameters.py[line:88] - DEBUG: [environment.py-192][RODC-DDPG]At time 4.000000~5.000000, 114 REQs are processing, 113 REQs are successfully processed (average service time 0.213363), 0 REQs are reject; Reward: 4.645739
2022-07-19 14:43:29,463 - D:\rodc-ddpg\globalParameters.py[line:88] - DEBUG: [main.py-23][RODC-DDPG][line-11][Training Time Steps - 5]
2022-07-19 14:43:29,464 - D:\rodc-ddpg\globalParameters.py[line:88] - DEBUG: [environment.py-118][RODC-DDPG][line-12][env sends s[5]=[1.00000000e-03 4.25981082e-05 1.00000000e-03 9.44750496e-01
 1.00000000e-03 4.25981082e-05 1.00000000e-03 4.90802838e-06
 1.00000000e-03 4.25981082e-05 1.00000000e-03 9.98461627e-01
 2.50577107e-06 4.25981082e-05 1.00000000e-03 7.04046458e-01
 2.50577107e-06 4.25981082e-05 1.00000000e-03 9.29969216e-01
 5.01154214e-06 3.75865660e-05 1.00000000e-03 2.07840017e-01
 5.01154214e-06 3.75865660e-05 1.00000000e-03 6.90209816e-01
 7.51731321e-06 7.51731321e-06 1.00000000e-03 8.40840838e-01
 7.51731321e-06 7.51731321e-06 1.00000000e-03 2.94416545e-01
 1.00230843e-05 1.00230843e-05 1.00000000e-03 1.00000000e+00
 1.00230843e-05 1.00230843e-05 1.00000000e-03 1.83384630e-03
 1.25288553e-05 3.00692528e-05 1.00000000e-03 9.53281430e-01
 1.25288553e-05 3.00692528e-05 1.00000000e-03 8.02358417e-01
 1.50346264e-05 2.75634818e-05 1.00000000e-03 8.34167504e-01], reward=4.645739 delay=0.000000]

2022-07-19 14:43:29,466 - D:\rodc-ddpg\globalParameters.py[line:90] - DEBUG: [ddpg.py-105][RODC-DDPG][Training critic]
2022-07-19 14:43:29,474 - D:\rodc-ddpg\globalParameters.py[line:90] - DEBUG: [ddpg.py-113][RODC-DDPG][Training actor]
2022-07-19 14:43:29,478 - D:\rodc-ddpg\globalParameters.py[line:90] - DEBUG: [ddpg.py-130][RODC-DDPG][Update actor target]
2022-07-19 14:43:29,483 - D:\rodc-ddpg\globalParameters.py[line:90] - DEBUG: [ddpg.py-138][RODC-DDPG][Update critic target]
2022-07-19 14:43:29,494 - D:\rodc-ddpg\globalParameters.py[line:88] - DEBUG: [environment.py-103][RODC-DDPG][line-24][env executes a[5]=[0.5810672  0.4989013  0.9712602  0.30346954 0.8380392  0.54542696
 0.05224048 0.6092646  0.10321374 0.5539991  0.         0.9012688
 0.04090661 0.64199644 0.5706379  0.5965872  0.45187742 0.51774454
 0.8037672  0.8759063  0.80246    1.         0.47212756 0.5961221
 0.8975705  0.49755117 0.6298314  0.48405388 0.30746454 0.59893084
 0.4124683  0.24034418 0.1599593  0.613226   0.12526509 0.92062014
 0.54419243]]
2022-07-19 14:43:29,497 - D:\rodc-ddpg\globalParameters.py[line:88] - DEBUG: [environment.py-192][RODC-DDPG]At time 5.000000~6.000000, 18 REQs are processing, 6 REQs are successfully processed (average service time 0.151667), 0 REQs are reject; Reward: 2.197802
2022-07-19 14:43:29,497 - D:\rodc-ddpg\globalParameters.py[line:88] - DEBUG: [main.py-23][RODC-DDPG][line-11][Training Time Steps - 6]
2022-07-19 14:43:29,498 - D:\rodc-ddpg\globalParameters.py[line:88] - DEBUG: [environment.py-118][RODC-DDPG][line-12][env sends s[6]=[1.00000000e-03 5.02975545e-05 1.00000000e-03 9.40458991e-01
 1.00000000e-03 5.02975545e-05 2.01190218e-05 2.33092489e-01
 1.00000000e-03 5.02975545e-05 1.00000000e-03 8.24987975e-01
 2.51487772e-06 3.52082881e-05 1.00000000e-03 1.00000000e+00
 2.51487772e-06 3.52082881e-05 1.00000000e-03 9.54553542e-01
 5.02975545e-06 1.50892663e-05 1.00000000e-03 7.44762691e-04
 5.02975545e-06 1.50892663e-05 1.00000000e-03 9.97462404e-01
 7.54463317e-06 3.01785327e-05 1.00000000e-03 3.75994207e-01
 7.54463317e-06 3.01785327e-05 1.00000000e-03 5.32009179e-03
 1.00595109e-05 7.54463317e-06 1.00000000e-03 7.32906277e-01
 1.00595109e-05 7.54463317e-06 5.02975545e-06 1.96036915e-01
 1.25743886e-05 1.76041441e-05 1.00000000e-03 5.65573076e-01
 1.25743886e-05 1.76041441e-05 1.00000000e-03 3.28041379e-01
 1.50892663e-05 6.03570653e-05 1.00000000e-03 9.99841849e-01], reward=2.197802 delay=0.000000]

2022-07-19 14:43:29,500 - D:\rodc-ddpg\globalParameters.py[line:90] - DEBUG: [ddpg.py-105][RODC-DDPG][Training critic]
2022-07-19 14:43:29,509 - D:\rodc-ddpg\globalParameters.py[line:90] - DEBUG: [ddpg.py-113][RODC-DDPG][Training actor]
2022-07-19 14:43:29,514 - D:\rodc-ddpg\globalParameters.py[line:90] - DEBUG: [ddpg.py-130][RODC-DDPG][Update actor target]
2022-07-19 14:43:29,518 - D:\rodc-ddpg\globalParameters.py[line:90] - DEBUG: [ddpg.py-138][RODC-DDPG][Update critic target]
2022-07-19 14:43:29,530 - D:\rodc-ddpg\globalParameters.py[line:88] - DEBUG: [environment.py-103][RODC-DDPG][line-24][env executes a[6]=[0.41146457 0.49577028 0.6594993  0.2582835  0.74958086 0.4141122
 0.01118634 0.34384224 0.         0.41866487 0.07493318 0.59869397
 0.07430381 0.45508972 0.5470267  0.60370576 0.41897196 0.58646554
 0.6444523  0.82485384 0.66946304 1.         0.27295265 0.7312381
 0.7254163  0.39759174 0.6559922  0.46105406 0.42392305 0.548982
 0.30653408 0.15624109 0.07071404 0.42061624 0.08072873 0.64904064
 0.67555183]]
2022-07-19 14:43:29,534 - D:\rodc-ddpg\globalParameters.py[line:88] - DEBUG: [environment.py-192][RODC-DDPG]At time 6.000000~7.000000, 45 REQs are processing, 25 REQs are successfully processed (average service time 0.325200), 0 REQs are reject; Reward: 1.708350
2022-07-19 14:43:29,534 - D:\rodc-ddpg\globalParameters.py[line:88] - DEBUG: [main.py-23][RODC-DDPG][line-11][Training Time Steps - 7]
2022-07-19 14:43:29,535 - D:\rodc-ddpg\globalParameters.py[line:88] - DEBUG: [environment.py-118][RODC-DDPG][line-12][env sends s[7]=[1.00000000e-03 3.26384906e-05 1.00000000e-03 6.25917574e-01
 1.00000000e-03 3.26384906e-05 1.00000000e-03 8.42765609e-01
 1.00000000e-03 3.26384906e-05 1.00000000e-03 4.15099315e-01
 2.96713551e-06 1.00000000e-03 1.00000000e-03 9.86851010e-01
 2.96713551e-06 1.00000000e-03 1.00000000e-03 6.61390001e-01
 5.93427102e-06 2.96713551e-06 1.18685420e-05 3.00435987e-01
 5.93427102e-06 2.96713551e-06 1.00000000e-03 1.00000000e+00
 8.90140652e-06 5.93427102e-05 1.00000000e-03 2.93044401e-02
 8.90140652e-06 5.93427102e-05 4.74741681e-05 2.03752161e-01
 1.18685420e-05 2.37370841e-05 1.00000000e-03 2.95879710e-01
 1.18685420e-05 2.37370841e-05 1.00000000e-03 7.93356554e-01
 1.48356775e-05 1.18685420e-05 1.00000000e-03 1.37861537e-01
 1.48356775e-05 1.18685420e-05 1.00000000e-03 1.37356356e-02
 1.78028130e-05 6.23098457e-05 1.00000000e-03 8.32570348e-01], reward=1.708350 delay=0.000000]

2022-07-19 14:43:29,537 - D:\rodc-ddpg\globalParameters.py[line:90] - DEBUG: [ddpg.py-105][RODC-DDPG][Training critic]
2022-07-19 14:43:29,547 - D:\rodc-ddpg\globalParameters.py[line:90] - DEBUG: [ddpg.py-113][RODC-DDPG][Training actor]
2022-07-19 14:43:29,551 - D:\rodc-ddpg\globalParameters.py[line:90] - DEBUG: [ddpg.py-130][RODC-DDPG][Update actor target]
2022-07-19 14:43:29,558 - D:\rodc-ddpg\globalParameters.py[line:90] - DEBUG: [ddpg.py-138][RODC-DDPG][Update critic target]
2022-07-19 14:43:29,569 - D:\rodc-ddpg\globalParameters.py[line:88] - DEBUG: [environment.py-103][RODC-DDPG][line-24][env executes a[7]=[0.27953666 0.51811993 0.49476933 0.16266738 0.6690727  0.46049988
 0.018511   0.16601728 0.         0.4265559  0.2617854  0.5117643
 0.20259926 0.5123506  0.6736157  0.528592   0.47773606 0.5828803
 0.74173653 0.8322926  0.6353159  1.         0.5217221  0.9550359
 0.5695013  0.40028042 0.71892864 0.7241221  0.4833893  0.6043276
 0.49647206 0.19558273 0.11633714 0.23342964 0.01371537 0.59888136
 0.83847564]]
2022-07-19 14:43:29,576 - D:\rodc-ddpg\globalParameters.py[line:88] - DEBUG: [environment.py-192][RODC-DDPG]At time 7.000000~8.000000, 80 REQs are processing, 64 REQs are successfully processed (average service time 0.486719), 0 REQs are reject; Reward: 1.643660
2022-07-19 14:43:29,576 - D:\rodc-ddpg\globalParameters.py[line:88] - DEBUG: [main.py-23][RODC-DDPG][line-11][Training Time Steps - 8]
2022-07-19 14:43:29,577 - D:\rodc-ddpg\globalParameters.py[line:88] - DEBUG: [environment.py-118][RODC-DDPG][line-12][env sends s[8]=[1.00000000e-03 1.50707772e-05 1.00000000e-03 9.51332907e-02
 1.00000000e-03 1.50707772e-05 1.00000000e-03 1.00000000e+00
 1.00000000e-03 1.50707772e-05 1.00000000e-03 1.76117452e-02
 2.51179620e-06 3.51651469e-05 1.00000000e-03 3.65837779e-01
 2.51179620e-06 3.51651469e-05 1.00000000e-03 1.13505266e-01
 5.02359241e-06 3.76769431e-05 1.00000000e-03 7.35953964e-01
 5.02359241e-06 3.76769431e-05 1.00000000e-03 3.80400620e-01
 7.53538861e-06 7.53538861e-06 7.53538861e-06 1.13140215e-01
 7.53538861e-06 7.53538861e-06 1.00000000e-03 6.42940386e-01
 1.00471848e-05 1.00000000e-03 1.00000000e-03 5.21613719e-04
 1.00471848e-05 1.00000000e-03 1.00000000e-03 9.91812049e-01
 1.25589810e-05 2.00943696e-05 1.00000000e-03 2.30988547e-02
 1.25589810e-05 2.00943696e-05 3.26533507e-05 1.46792347e-01
 1.50707772e-05 2.51179620e-05 1.00000000e-03 2.24863790e-01], reward=1.643660 delay=0.000000]

2022-07-19 14:43:29,580 - D:\rodc-ddpg\globalParameters.py[line:90] - DEBUG: [ddpg.py-105][RODC-DDPG][Training critic]
2022-07-19 14:43:29,587 - D:\rodc-ddpg\globalParameters.py[line:90] - DEBUG: [ddpg.py-113][RODC-DDPG][Training actor]
2022-07-19 14:43:29,593 - D:\rodc-ddpg\globalParameters.py[line:90] - DEBUG: [ddpg.py-130][RODC-DDPG][Update actor target]
2022-07-19 14:43:29,598 - D:\rodc-ddpg\globalParameters.py[line:90] - DEBUG: [ddpg.py-138][RODC-DDPG][Update critic target]
2022-07-19 14:43:29,612 - D:\rodc-ddpg\globalParameters.py[line:88] - DEBUG: [environment.py-103][RODC-DDPG][line-24][env executes a[8]=[0.36063382 0.4143866  0.68186516 0.03851137 0.6643694  0.6567324
 0.11182541 0.08217872 0.07577285 0.46242854 0.29143783 0.46247005
 0.35276    0.7269899  0.598903   0.38453877 0.54413193 0.40219882
 0.749206   0.9019248  0.7187787  1.         0.8262691  0.74574727
 0.69853497 0.33575016 0.8148533  0.6973214  0.16383913 0.6024158
 0.6057657  0.56491804 0.3104232  0.39869526 0.         0.80274594
 0.9581187 ]]
2022-07-19 14:43:29,616 - D:\rodc-ddpg\globalParameters.py[line:88] - DEBUG: [environment.py-192][RODC-DDPG]At time 8.000000~9.000000, 58 REQs are processing, 35 REQs are successfully processed (average service time 0.400571), 0 REQs are reject; Reward: 1.506469
2022-07-19 14:43:29,616 - D:\rodc-ddpg\globalParameters.py[line:88] - DEBUG: [main.py-23][RODC-DDPG][line-11][Training Time Steps - 9]
2022-07-19 14:43:29,619 - D:\rodc-ddpg\globalParameters.py[line:88] - DEBUG: [environment.py-118][RODC-DDPG][line-12][env sends s[9]=[1.00000000e-03 3.75713223e-05 1.00000000e-03 3.47069777e-02
 1.00000000e-03 3.75713223e-05 1.00000000e-03 8.26713284e-01
 1.00000000e-03 3.75713223e-05 3.50665674e-05 1.29137273e-01
 2.50475482e-06 1.50285289e-05 1.00000000e-03 2.17237304e-02
 2.50475482e-06 1.50285289e-05 1.00000000e-03 2.45595489e-02
 5.00950963e-06 4.25808319e-05 1.00000000e-03 1.00000000e+00
 5.00950963e-06 4.25808319e-05 1.00000000e-03 2.63163592e-02
 7.51426445e-06 2.50475482e-05 1.00000000e-03 5.57751298e-01
 7.51426445e-06 2.50475482e-05 1.00000000e-03 9.81388059e-01
 1.00190193e-05 1.00190193e-05 2.25427934e-05 2.11362502e-01
 1.00190193e-05 1.00190193e-05 1.00000000e-03 8.59599592e-01
 1.25237741e-05 1.00000000e-03 1.00000000e-03 3.69084744e-01
 1.25237741e-05 1.00000000e-03 1.00000000e-03 6.07156661e-01
 1.50285289e-05 4.50855867e-05 1.00000000e-03 5.21233392e-05], reward=1.506469 delay=0.000000]

2022-07-19 14:43:29,621 - D:\rodc-ddpg\globalParameters.py[line:90] - DEBUG: [ddpg.py-105][RODC-DDPG][Training critic]
2022-07-19 14:43:29,629 - D:\rodc-ddpg\globalParameters.py[line:90] - DEBUG: [ddpg.py-113][RODC-DDPG][Training actor]
2022-07-19 14:43:29,633 - D:\rodc-ddpg\globalParameters.py[line:90] - DEBUG: [ddpg.py-130][RODC-DDPG][Update actor target]
2022-07-19 14:43:29,636 - D:\rodc-ddpg\globalParameters.py[line:90] - DEBUG: [ddpg.py-138][RODC-DDPG][Update critic target]
2022-07-19 14:43:29,647 - D:\rodc-ddpg\globalParameters.py[line:88] - DEBUG: [environment.py-103][RODC-DDPG][line-24][env executes a[9]=[0.4037175  0.35022745 0.7576566  0.12623598 0.6909494  0.66519946
 0.22358185 0.5471263  0.08580745 0.43420655 0.18387718 0.5087913
 0.38531047 0.60568774 0.602828   0.24144003 0.37585083 0.11104455
 0.6655743  0.71162176 0.8411122  1.         0.8202607  0.63080525
 0.9469545  0.27877602 0.84451973 0.7213435  0.         0.4606129
 0.5409081  0.5068493  0.27894458 0.5359469  0.05210248 0.96523017
 0.8813042 ]]
2022-07-19 14:43:29,650 - D:\rodc-ddpg\globalParameters.py[line:88] - DEBUG: [environment.py-192][RODC-DDPG]At time 9.000000~10.000000, 60 REQs are processing, 27 REQs are successfully processed (average service time 0.962963), 0 REQs are reject; Reward: 0.467308
2022-07-19 14:43:29,650 - D:\rodc-ddpg\globalParameters.py[line:88] - DEBUG: [main.py-32][RODC-DDPG]Episode-0 reward: 19.056061
2022-07-19 14:43:29,927 - D:\rodc-ddpg\globalParameters.py[line:88] - DEBUG: [main.py-15][RODC-DDPG][line-9][Training Episode - 2]
2022-07-19 14:43:29,927 - D:\rodc-ddpg\globalParameters.py[line:90] - DEBUG: [main.py-16][RODC-DDPG][line-10][Reset env and agent]
2022-07-19 14:43:29,928 - D:\rodc-ddpg\globalParameters.py[line:88] - DEBUG: [main.py-23][RODC-DDPG][line-11][Training Time Steps - 0]
2022-07-19 14:43:29,929 - D:\rodc-ddpg\globalParameters.py[line:88] - DEBUG: [environment.py-118][RODC-DDPG][line-12][env sends s[0]=[1.00000000e-03 5.01232192e-06 1.00000000e-03 8.50730241e-01
 1.00000000e-03 5.01232192e-06 1.00000000e-03 3.61180149e-01
 1.00000000e-03 5.01232192e-06 1.00000000e-03 7.01759893e-01
 2.50616096e-06 4.26047363e-05 1.00000000e-03 9.98286518e-01
 2.50616096e-06 4.26047363e-05 1.00000000e-03 8.71645427e-01
 5.01232192e-06 3.50862534e-05 1.00000000e-03 2.82952245e-02
 5.01232192e-06 3.50862534e-05 1.00000000e-03 1.00000000e+00
 7.51848288e-06 1.75431267e-05 1.00000000e-03 2.44215708e-01
 7.51848288e-06 1.75431267e-05 1.00000000e-03 4.73838050e-03
 1.00246438e-05 2.00492877e-05 1.00000000e-03 5.96678153e-01
 1.00246438e-05 2.00492877e-05 1.00000000e-03 3.18491284e-01
 1.25308048e-05 3.50862534e-05 1.00000000e-03 4.22164972e-01
 1.25308048e-05 3.50862534e-05 1.00000000e-03 2.02539296e-01
 1.50369658e-05 6.01478630e-05 1.00000000e-03 9.54892718e-01], reward=-1.000000 delay=0.000000]

2022-07-19 14:43:29,931 - D:\rodc-ddpg\globalParameters.py[line:90] - DEBUG: [ddpg.py-105][RODC-DDPG][Training critic]
2022-07-19 14:43:29,941 - D:\rodc-ddpg\globalParameters.py[line:90] - DEBUG: [ddpg.py-113][RODC-DDPG][Training actor]
2022-07-19 14:43:29,946 - D:\rodc-ddpg\globalParameters.py[line:90] - DEBUG: [ddpg.py-130][RODC-DDPG][Update actor target]
2022-07-19 14:43:29,952 - D:\rodc-ddpg\globalParameters.py[line:90] - DEBUG: [ddpg.py-138][RODC-DDPG][Update critic target]
2022-07-19 14:43:29,964 - D:\rodc-ddpg\globalParameters.py[line:88] - DEBUG: [environment.py-103][RODC-DDPG][line-24][env executes a[0]=[0.3049589  0.55941105 0.55991286 0.2064928  0.5944098  0.39650735
 0.02928913 0.34925428 0.         0.388473   0.15945779 0.53040767
 0.18419659 0.41805556 0.5884339  0.5003155  0.32336158 0.5403915
 0.66623515 0.7366384  0.65329415 1.         0.36729884 0.79889554
 0.68692404 0.39480388 0.72711676 0.57044286 0.439155   0.5150343
 0.3070069  0.15757921 0.08920666 0.33813277 0.1120291  0.57170475
 0.69997036]]
2022-07-19 14:43:29,967 - D:\rodc-ddpg\globalParameters.py[line:88] - DEBUG: [environment.py-192][RODC-DDPG]At time 0.000000~1.000000, 25 REQs are processing, 18 REQs are successfully processed (average service time 0.061667), 0 REQs are reject; Reward: 11.675676
2022-07-19 14:43:29,967 - D:\rodc-ddpg\globalParameters.py[line:88] - DEBUG: [main.py-23][RODC-DDPG][line-11][Training Time Steps - 1]
2022-07-19 14:43:29,969 - D:\rodc-ddpg\globalParameters.py[line:88] - DEBUG: [environment.py-118][RODC-DDPG][line-12][env sends s[1]=[1.00000000e-03 3.92278369e-05 1.00000000e-03 4.66855603e-01
 1.00000000e-03 3.92278369e-05 1.00000000e-03 1.00000000e+00
 1.00000000e-03 3.92278369e-05 1.00000000e-03 2.68537527e-01
 3.01752591e-06 6.03505183e-05 1.00000000e-03 8.61431155e-01
 3.01752591e-06 6.03505183e-05 1.00000000e-03 5.02350206e-01
 6.03505183e-06 5.73329924e-05 1.00000000e-03 4.64048540e-01
 6.03505183e-06 5.73329924e-05 1.00000000e-03 8.77681009e-01
 9.05257774e-06 5.73329924e-05 1.00000000e-03 3.16524692e-04
 9.05257774e-06 5.73329924e-05 1.81051555e-05 3.50175422e-01
 1.20701037e-05 4.82804146e-05 1.00000000e-03 1.67057402e-01
 1.20701037e-05 4.82804146e-05 1.00000000e-03 9.57501985e-01
 1.50876296e-05 5.12979405e-05 1.00000000e-03 5.05942917e-02
 1.50876296e-05 5.12979405e-05 1.00000000e-03 1.37886115e-03
 1.81051555e-05 7.84556738e-05 1.00000000e-03 6.82693024e-01], reward=11.675676 delay=0.000000]

2022-07-19 14:43:29,971 - D:\rodc-ddpg\globalParameters.py[line:90] - DEBUG: [ddpg.py-105][RODC-DDPG][Training critic]
2022-07-19 14:43:29,979 - D:\rodc-ddpg\globalParameters.py[line:90] - DEBUG: [ddpg.py-113][RODC-DDPG][Training actor]
2022-07-19 14:43:29,984 - D:\rodc-ddpg\globalParameters.py[line:90] - DEBUG: [ddpg.py-130][RODC-DDPG][Update actor target]
2022-07-19 14:43:29,989 - D:\rodc-ddpg\globalParameters.py[line:90] - DEBUG: [ddpg.py-138][RODC-DDPG][Update critic target]
2022-07-19 14:43:29,999 - D:\rodc-ddpg\globalParameters.py[line:88] - DEBUG: [environment.py-103][RODC-DDPG][line-24][env executes a[1]=[0.26855978 0.5515638  0.50200516 0.08392651 0.5655032  0.5289547
 0.00885257 0.2072874  0.04618539 0.45813674 0.32007095 0.5131723
 0.29801425 0.5784637  0.69608986 0.46644324 0.42774916 0.5307915
 0.81315    0.82817715 0.68333083 1.         0.6068477  0.9374223
 0.5846781  0.41354105 0.7926305  0.72384727 0.4150823  0.58518773
 0.5035312  0.25386894 0.14078921 0.2856276  0.         0.60982394
 0.857133  ]]
2022-07-19 14:43:30,002 - D:\rodc-ddpg\globalParameters.py[line:88] - DEBUG: [environment.py-192][RODC-DDPG]At time 1.000000~2.000000, 23 REQs are processing, 7 REQs are successfully processed (average service time 1.140000), 0 REQs are reject; Reward: 0.266972
2022-07-19 14:43:30,002 - D:\rodc-ddpg\globalParameters.py[line:88] - DEBUG: [main.py-23][RODC-DDPG][line-11][Training Time Steps - 2]
2022-07-19 14:43:30,003 - D:\rodc-ddpg\globalParameters.py[line:88] - DEBUG: [environment.py-118][RODC-DDPG][line-12][env sends s[2]=[1.00000000e-03 1.50117739e-05 1.00000000e-03 2.90451394e-02
 1.00000000e-03 1.50117739e-05 1.00000000e-03 9.95459872e-01
 1.00000000e-03 1.50117739e-05 1.00000000e-03 7.75958581e-05
 2.50196231e-06 2.75215854e-05 1.00000000e-03 2.35266451e-01
 2.50196231e-06 2.75215854e-05 1.00000000e-03 3.99673199e-02
 5.00392462e-06 3.50274724e-05 1.00000000e-03 8.47587243e-01
 5.00392462e-06 3.50274724e-05 1.00000000e-03 2.48115325e-01
 7.50588694e-06 2.75215854e-05 7.50588694e-06 2.16535555e-01
 7.50588694e-06 2.75215854e-05 1.00000000e-03 7.69076995e-01
 1.00078492e-05 4.00313970e-05 1.00000000e-03 1.40594923e-02
 1.00078492e-05 4.00313970e-05 1.00000000e-03 1.00000000e+00
 1.25098116e-05 3.50274724e-05 1.00000000e-03 8.39321076e-02
 1.25098116e-05 3.50274724e-05 3.00235477e-05 2.59093974e-01
 1.50117739e-05 6.00470955e-05 1.00000000e-03 1.18442404e-01], reward=0.266972 delay=0.000000]

2022-07-19 14:43:30,006 - D:\rodc-ddpg\globalParameters.py[line:90] - DEBUG: [ddpg.py-105][RODC-DDPG][Training critic]
2022-07-19 14:43:30,016 - D:\rodc-ddpg\globalParameters.py[line:90] - DEBUG: [ddpg.py-113][RODC-DDPG][Training actor]
2022-07-19 14:43:30,020 - D:\rodc-ddpg\globalParameters.py[line:90] - DEBUG: [ddpg.py-130][RODC-DDPG][Update actor target]
2022-07-19 14:43:30,025 - D:\rodc-ddpg\globalParameters.py[line:90] - DEBUG: [ddpg.py-138][RODC-DDPG][Update critic target]
2022-07-19 14:43:30,035 - D:\rodc-ddpg\globalParameters.py[line:88] - DEBUG: [environment.py-103][RODC-DDPG][line-24][env executes a[2]=[0.3515863  0.3957942  0.7099905  0.         0.5718265  0.6207961
 0.10474303 0.22274959 0.06262871 0.42395657 0.29252508 0.42403373
 0.38742098 0.6208641  0.56796974 0.32855034 0.48687735 0.25117975
 0.76067746 0.82681274 0.7660934  1.         0.7992495  0.6980974
 0.7972899  0.30894944 0.86704767 0.68319356 0.08557194 0.49431673
 0.5172726  0.50694185 0.3156506  0.41471788 0.00352088 0.8349548
 0.9312523 ]]
2022-07-19 14:43:30,040 - D:\rodc-ddpg\globalParameters.py[line:88] - DEBUG: [environment.py-192][RODC-DDPG]At time 2.000000~3.000000, 70 REQs are processing, 47 REQs are successfully processed (average service time 0.501277), 0 REQs are reject; Reward: 1.339437
2022-07-19 14:43:30,040 - D:\rodc-ddpg\globalParameters.py[line:88] - DEBUG: [main.py-23][RODC-DDPG][line-11][Training Time Steps - 3]
2022-07-19 14:43:30,041 - D:\rodc-ddpg\globalParameters.py[line:88] - DEBUG: [environment.py-118][RODC-DDPG][line-12][env sends s[3]=[1.00000000e-03 2.50000991e-05 1.00000000e-03 1.04273063e-01
 1.00000000e-03 2.50000991e-05 1.00000000e-03 7.06062041e-01
 1.00000000e-03 2.50000991e-05 6.00002378e-05 2.37300878e-01
 2.50000991e-06 4.75001883e-05 1.00000000e-03 3.83713700e-05
 2.50000991e-06 4.75001883e-05 1.00000000e-03 8.66592543e-02
 5.00001982e-06 3.75001486e-05 1.00000000e-03 9.90428843e-01
 5.00001982e-06 3.75001486e-05 1.00000000e-03 4.49140937e-04
 7.50002973e-06 2.25000892e-05 1.00000000e-03 6.93244002e-01
 7.50002973e-06 2.25000892e-05 1.00000000e-03 1.00000000e+00
 1.00000396e-05 4.75001883e-05 1.00000000e-03 3.36473926e-01
 1.00000396e-05 4.75001883e-05 1.00000000e-03 7.46173756e-01
 1.25000495e-05 1.75000694e-05 1.00000000e-03 5.08408965e-01
 1.25000495e-05 1.75000694e-05 1.00000000e-03 7.38316797e-01
 1.50000595e-05 4.75001883e-05 1.00000000e-03 2.19802100e-02], reward=1.339437 delay=0.000000]

2022-07-19 14:43:30,044 - D:\rodc-ddpg\globalParameters.py[line:90] - DEBUG: [ddpg.py-105][RODC-DDPG][Training critic]
2022-07-19 14:43:30,053 - D:\rodc-ddpg\globalParameters.py[line:90] - DEBUG: [ddpg.py-113][RODC-DDPG][Training actor]
2022-07-19 14:43:30,058 - D:\rodc-ddpg\globalParameters.py[line:90] - DEBUG: [ddpg.py-130][RODC-DDPG][Update actor target]
2022-07-19 14:43:30,063 - D:\rodc-ddpg\globalParameters.py[line:90] - DEBUG: [ddpg.py-138][RODC-DDPG][Update critic target]
2022-07-19 14:43:30,074 - D:\rodc-ddpg\globalParameters.py[line:88] - DEBUG: [environment.py-103][RODC-DDPG][line-24][env executes a[3]=[0.3812853  0.43119746 0.65142536 0.10857624 0.5928252  0.58364487
 0.16189325 0.65512097 0.04616331 0.41320923 0.18248655 0.5125137
 0.39680755 0.4804949  0.61596173 0.21991195 0.25352895 0.09928175
 0.73438305 0.64814967 0.8374003  1.         0.7817136  0.65616924
 0.94912356 0.30168048 0.83195776 0.7280168  0.         0.45049828
 0.5032326  0.40295306 0.21244216 0.5234053  0.05802786 0.9300024
 0.7929911 ]]
2022-07-19 14:43:30,080 - D:\rodc-ddpg\globalParameters.py[line:88] - DEBUG: [environment.py-192][RODC-DDPG]At time 3.000000~4.000000, 133 REQs are processing, 106 REQs are successfully processed (average service time 0.296887), 0 REQs are reject; Reward: 2.684500
2022-07-19 14:43:30,080 - D:\rodc-ddpg\globalParameters.py[line:88] - DEBUG: [main.py-23][RODC-DDPG][line-11][Training Time Steps - 4]
2022-07-19 14:43:30,081 - D:\rodc-ddpg\globalParameters.py[line:88] - DEBUG: [environment.py-118][RODC-DDPG][line-12][env sends s[4]=[1.00000000e-03 6.00821742e-05 1.00000000e-03 5.44097001e-01
 1.00000000e-03 6.00821742e-05 1.00000000e-03 2.28301692e-01
 1.00000000e-03 6.00821742e-05 1.00000000e-03 7.17028243e-01
 2.50342392e-06 5.25719024e-05 1.00136957e-05 2.24964912e-01
 2.50342392e-06 5.25719024e-05 1.00000000e-03 5.14108885e-01
 5.00684785e-06 2.50342392e-05 1.00000000e-03 6.83968417e-01
 5.00684785e-06 2.50342392e-05 2.50342392e-06 2.12553018e-01
 7.51027177e-06 3.75513589e-05 1.00000000e-03 9.93810899e-01
 7.51027177e-06 3.75513589e-05 1.00000000e-03 7.72881289e-01
 1.00136957e-05 1.00000000e-03 1.00000000e-03 8.10351379e-01
 1.00136957e-05 1.00000000e-03 1.00000000e-03 2.67163008e-01
 1.25171196e-05 5.00684785e-06 1.00000000e-03 9.26485461e-01
 1.25171196e-05 5.00684785e-06 1.00000000e-03 1.00000000e+00
 1.50205435e-05 7.76061417e-05 1.00000000e-03 3.65600038e-01], reward=2.684500 delay=0.000000]

2022-07-19 14:43:30,084 - D:\rodc-ddpg\globalParameters.py[line:90] - DEBUG: [ddpg.py-105][RODC-DDPG][Training critic]
2022-07-19 14:43:30,092 - D:\rodc-ddpg\globalParameters.py[line:90] - DEBUG: [ddpg.py-113][RODC-DDPG][Training actor]
2022-07-19 14:43:30,096 - D:\rodc-ddpg\globalParameters.py[line:90] - DEBUG: [ddpg.py-130][RODC-DDPG][Update actor target]
2022-07-19 14:43:30,101 - D:\rodc-ddpg\globalParameters.py[line:90] - DEBUG: [ddpg.py-138][RODC-DDPG][Update critic target]
2022-07-19 14:43:30,112 - D:\rodc-ddpg\globalParameters.py[line:88] - DEBUG: [environment.py-103][RODC-DDPG][line-24][env executes a[4]=[0.4013189  0.47640282 0.7471315  0.1582814  0.5824542  0.4284551
 0.09539869 0.68573827 0.         0.46729305 0.01976264 0.69471
 0.18560006 0.37818223 0.6241777  0.2443625  0.10150462 0.21443513
 0.7552187  0.64232075 0.7870302  1.         0.65914947 0.5614218
 0.93548095 0.35003057 0.71061647 0.6013788  0.07451041 0.51141846
 0.34785187 0.19883683 0.09089974 0.4792126  0.09401598 0.9068155
 0.5363129 ]]
2022-07-19 14:43:30,118 - D:\rodc-ddpg\globalParameters.py[line:88] - DEBUG: [environment.py-192][RODC-DDPG]At time 4.000000~5.000000, 107 REQs are processing, 95 REQs are successfully processed (average service time 0.195474), 0 REQs are reject; Reward: 4.542046
2022-07-19 14:43:30,118 - D:\rodc-ddpg\globalParameters.py[line:88] - DEBUG: [main.py-23][RODC-DDPG][line-11][Training Time Steps - 5]
2022-07-19 14:43:30,119 - D:\rodc-ddpg\globalParameters.py[line:88] - DEBUG: [environment.py-118][RODC-DDPG][line-12][env sends s[5]=[1.00000000e-03 7.51731321e-05 1.00000000e-03 9.44750496e-01
 1.00000000e-03 7.51731321e-05 1.00000000e-03 4.90802838e-06
 1.00000000e-03 7.51731321e-05 1.00000000e-03 9.98461627e-01
 2.50577107e-06 4.51038793e-05 1.00000000e-03 7.04046458e-01
 2.50577107e-06 4.51038793e-05 1.00000000e-03 9.29969216e-01
 5.01154214e-06 5.01154214e-06 1.00000000e-03 2.07840017e-01
 5.01154214e-06 5.01154214e-06 1.00000000e-03 6.90209816e-01
 7.51731321e-06 7.51731321e-06 1.00000000e-03 8.40840838e-01
 7.51731321e-06 7.51731321e-06 1.00000000e-03 2.94416545e-01
 1.00230843e-05 3.25750239e-05 1.00000000e-03 1.00000000e+00
 1.00230843e-05 3.25750239e-05 1.00000000e-03 1.83384630e-03
 1.25288553e-05 3.75865660e-05 1.00000000e-03 9.53281430e-01
 1.25288553e-05 3.75865660e-05 1.00000000e-03 8.02358417e-01
 1.50346264e-05 4.00923371e-05 1.00000000e-03 8.34167504e-01], reward=4.542046 delay=0.000000]

2022-07-19 14:43:30,122 - D:\rodc-ddpg\globalParameters.py[line:90] - DEBUG: [ddpg.py-105][RODC-DDPG][Training critic]
2022-07-19 14:43:30,130 - D:\rodc-ddpg\globalParameters.py[line:90] - DEBUG: [ddpg.py-113][RODC-DDPG][Training actor]
2022-07-19 14:43:30,134 - D:\rodc-ddpg\globalParameters.py[line:90] - DEBUG: [ddpg.py-130][RODC-DDPG][Update actor target]
2022-07-19 14:43:30,140 - D:\rodc-ddpg\globalParameters.py[line:90] - DEBUG: [ddpg.py-138][RODC-DDPG][Update critic target]
2022-07-19 14:43:30,150 - D:\rodc-ddpg\globalParameters.py[line:88] - DEBUG: [environment.py-103][RODC-DDPG][line-24][env executes a[5]=[0.4129065  0.5629466  0.7808748  0.1632556  0.47949472 0.4704278
 0.         0.57558256 0.03815643 0.47192323 0.08161746 0.714537
 0.16127518 0.4984114  0.56887484 0.39138588 0.23985352 0.38490817
 0.8095498  0.7447316  0.7499124  1.         0.49378636 0.63160336
 0.79155153 0.44434002 0.7527892  0.53455883 0.25637516 0.45664766
 0.2871841  0.16845219 0.12690637 0.46267703 0.12731813 0.745714
 0.5449167 ]]
2022-07-19 14:43:30,154 - D:\rodc-ddpg\globalParameters.py[line:88] - DEBUG: [environment.py-192][RODC-DDPG]At time 5.000000~6.000000, 35 REQs are processing, 15 REQs are successfully processed (average service time 0.233333), 0 REQs are reject; Reward: 1.836735
2022-07-19 14:43:30,154 - D:\rodc-ddpg\globalParameters.py[line:88] - DEBUG: [main.py-23][RODC-DDPG][line-11][Training Time Steps - 6]
2022-07-19 14:43:30,157 - D:\rodc-ddpg\globalParameters.py[line:88] - DEBUG: [environment.py-118][RODC-DDPG][line-12][env sends s[6]=[1.00000000e-03 2.51487772e-05 1.00000000e-03 9.40458991e-01
 1.00000000e-03 2.51487772e-05 4.02380436e-05 2.33092489e-01
 1.00000000e-03 2.51487772e-05 1.00000000e-03 8.24987975e-01
 2.51487772e-06 1.76041441e-05 1.00000000e-03 1.00000000e+00
 2.51487772e-06 1.76041441e-05 1.00000000e-03 9.54553542e-01
 5.02975545e-06 2.76636549e-05 1.00000000e-03 7.44762691e-04
 5.02975545e-06 2.76636549e-05 1.00000000e-03 9.97462404e-01
 7.54463317e-06 7.54463317e-06 1.00000000e-03 3.75994207e-01
 7.54463317e-06 7.54463317e-06 1.00000000e-03 5.32009179e-03
 1.00595109e-05 3.01785327e-05 1.00000000e-03 7.32906277e-01
 1.00595109e-05 3.01785327e-05 5.02975545e-06 1.96036915e-01
 1.25743886e-05 4.77826767e-05 1.00000000e-03 5.65573076e-01
 1.25743886e-05 4.77826767e-05 1.00000000e-03 3.28041379e-01
 1.50892663e-05 6.28719431e-05 1.00000000e-03 9.99841849e-01], reward=1.836735 delay=0.000000]

2022-07-19 14:43:30,160 - D:\rodc-ddpg\globalParameters.py[line:90] - DEBUG: [ddpg.py-105][RODC-DDPG][Training critic]
2022-07-19 14:43:30,167 - D:\rodc-ddpg\globalParameters.py[line:90] - DEBUG: [ddpg.py-113][RODC-DDPG][Training actor]
2022-07-19 14:43:30,171 - D:\rodc-ddpg\globalParameters.py[line:90] - DEBUG: [ddpg.py-130][RODC-DDPG][Update actor target]
2022-07-19 14:43:30,177 - D:\rodc-ddpg\globalParameters.py[line:90] - DEBUG: [ddpg.py-138][RODC-DDPG][Update critic target]
2022-07-19 14:43:30,191 - D:\rodc-ddpg\globalParameters.py[line:88] - DEBUG: [environment.py-103][RODC-DDPG][line-24][env executes a[6]=[0.3113986  0.5607156  0.5814565  0.1633092  0.456466   0.4225208
 0.00158149 0.42172685 0.         0.3874805  0.15863891 0.5290009
 0.17348585 0.40761772 0.576605   0.42575955 0.25190774 0.44249922
 0.7017094  0.74262816 0.6700373  1.         0.3992554  0.72794724
 0.7079248  0.37961534 0.78664756 0.5327357  0.3601814  0.42629597
 0.23961627 0.13602555 0.07016129 0.37882978 0.11819302 0.56945527
 0.661882  ]]
2022-07-19 14:43:30,196 - D:\rodc-ddpg\globalParameters.py[line:88] - DEBUG: [environment.py-192][RODC-DDPG]At time 6.000000~7.000000, 52 REQs are processing, 34 REQs are successfully processed (average service time 0.421765), 0 REQs are reject; Reward: 1.550263
2022-07-19 14:43:30,197 - D:\rodc-ddpg\globalParameters.py[line:88] - DEBUG: [main.py-23][RODC-DDPG][line-11][Training Time Steps - 7]
2022-07-19 14:43:30,198 - D:\rodc-ddpg\globalParameters.py[line:88] - DEBUG: [environment.py-118][RODC-DDPG][line-12][env sends s[7]=[1.00000000e-03 3.85727616e-05 1.00000000e-03 6.25917574e-01
 1.00000000e-03 3.85727616e-05 1.00000000e-03 8.42765609e-01
 1.00000000e-03 3.85727616e-05 1.00000000e-03 4.15099315e-01
 2.96713551e-06 5.93427102e-05 1.00000000e-03 9.86851010e-01
 2.96713551e-06 5.93427102e-05 1.00000000e-03 6.61390001e-01
 5.93427102e-06 1.18685420e-05 5.93427102e-06 3.00435987e-01
 5.93427102e-06 1.18685420e-05 1.00000000e-03 1.00000000e+00
 8.90140652e-06 2.67042196e-05 1.00000000e-03 2.93044401e-02
 8.90140652e-06 2.67042196e-05 4.74741681e-05 2.03752161e-01
 1.18685420e-05 2.96713551e-06 1.00000000e-03 2.95879710e-01
 1.18685420e-05 2.96713551e-06 1.00000000e-03 7.93356554e-01
 1.48356775e-05 5.93427102e-05 1.00000000e-03 1.37861537e-01
 1.48356775e-05 5.93427102e-05 1.00000000e-03 1.37356356e-02
 1.78028130e-05 4.45070326e-05 1.00000000e-03 8.32570348e-01], reward=1.550263 delay=0.000000]

2022-07-19 14:43:30,201 - D:\rodc-ddpg\globalParameters.py[line:90] - DEBUG: [ddpg.py-105][RODC-DDPG][Training critic]
2022-07-19 14:43:30,212 - D:\rodc-ddpg\globalParameters.py[line:90] - DEBUG: [ddpg.py-113][RODC-DDPG][Training actor]
2022-07-19 14:43:30,217 - D:\rodc-ddpg\globalParameters.py[line:90] - DEBUG: [ddpg.py-130][RODC-DDPG][Update actor target]
2022-07-19 14:43:30,222 - D:\rodc-ddpg\globalParameters.py[line:90] - DEBUG: [ddpg.py-138][RODC-DDPG][Update critic target]
2022-07-19 14:43:30,235 - D:\rodc-ddpg\globalParameters.py[line:88] - DEBUG: [environment.py-103][RODC-DDPG][line-24][env executes a[7]=[0.2267907  0.54738355 0.4748     0.08770376 0.42012885 0.43484214
 0.00207741 0.2855862  0.         0.40937397 0.2711424  0.47116655
 0.24607402 0.44449916 0.64322233 0.41358694 0.32826295 0.44546175
 0.7965014  0.76124704 0.64494884 1.         0.5491269  0.8839796
 0.6064643  0.3934771  0.8107818  0.70447665 0.39584434 0.4826217
 0.38102475 0.1662474  0.0845905  0.26382145 0.03699095 0.5534014
 0.78826475]]
2022-07-19 14:43:30,242 - D:\rodc-ddpg\globalParameters.py[line:88] - DEBUG: [environment.py-192][RODC-DDPG]At time 7.000000~8.000000, 101 REQs are processing, 91 REQs are successfully processed (average service time 0.387033), 0 REQs are reject; Reward: 2.327941
2022-07-19 14:43:30,243 - D:\rodc-ddpg\globalParameters.py[line:88] - DEBUG: [main.py-23][RODC-DDPG][line-11][Training Time Steps - 8]
2022-07-19 14:43:30,244 - D:\rodc-ddpg\globalParameters.py[line:88] - DEBUG: [environment.py-118][RODC-DDPG][line-12][env sends s[8]=[1.00000000e-03 1.00471848e-05 1.00000000e-03 9.51332907e-02
 1.00000000e-03 1.00471848e-05 1.00000000e-03 1.00000000e+00
 1.00000000e-03 1.00471848e-05 1.00000000e-03 1.76117452e-02
 2.51179620e-06 1.00000000e-03 1.00000000e-03 3.65837779e-01
 2.51179620e-06 1.00000000e-03 1.00000000e-03 1.13505266e-01
 5.02359241e-06 1.25589810e-05 1.00000000e-03 7.35953964e-01
 5.02359241e-06 1.25589810e-05 1.00000000e-03 3.80400620e-01
 7.53538861e-06 2.51179620e-05 1.00000000e-03 1.13140215e-01
 7.53538861e-06 2.51179620e-05 1.00000000e-03 6.42940386e-01
 1.00471848e-05 2.26061658e-05 1.00000000e-03 5.21613719e-04
 1.00471848e-05 2.26061658e-05 1.00000000e-03 9.91812049e-01
 1.25589810e-05 1.75825734e-05 1.00000000e-03 2.30988547e-02
 1.25589810e-05 1.75825734e-05 2.76297582e-05 1.46792347e-01
 1.50707772e-05 3.01415544e-05 1.00000000e-03 2.24863790e-01], reward=2.327941 delay=0.000000]

2022-07-19 14:43:30,246 - D:\rodc-ddpg\globalParameters.py[line:90] - DEBUG: [ddpg.py-105][RODC-DDPG][Training critic]
2022-07-19 14:43:30,253 - D:\rodc-ddpg\globalParameters.py[line:90] - DEBUG: [ddpg.py-113][RODC-DDPG][Training actor]
2022-07-19 14:43:30,258 - D:\rodc-ddpg\globalParameters.py[line:90] - DEBUG: [ddpg.py-130][RODC-DDPG][Update actor target]
2022-07-19 14:43:30,262 - D:\rodc-ddpg\globalParameters.py[line:90] - DEBUG: [ddpg.py-138][RODC-DDPG][Update critic target]
2022-07-19 14:43:30,272 - D:\rodc-ddpg\globalParameters.py[line:88] - DEBUG: [environment.py-103][RODC-DDPG][line-24][env executes a[8]=[0.31602883 0.4746804  0.61013997 0.01070107 0.47625598 0.5706791
 0.06877331 0.23167461 0.05227692 0.4534785  0.3357026  0.44410217
 0.3878187  0.5799096  0.5994856  0.34809032 0.4187066  0.34002742
 0.8334827  0.8201385  0.71764004 1.         0.739688   0.7683145
 0.72813773 0.36703596 0.88049984 0.687483   0.17828539 0.49348292
 0.4863096  0.41421953 0.23943342 0.41078985 0.         0.7367337
 0.90031135]]
2022-07-19 14:43:30,277 - D:\rodc-ddpg\globalParameters.py[line:88] - DEBUG: [environment.py-192][RODC-DDPG]At time 8.000000~9.000000, 45 REQs are processing, 25 REQs are successfully processed (average service time 0.384000), 0 REQs are reject; Reward: 1.446759
2022-07-19 14:43:30,277 - D:\rodc-ddpg\globalParameters.py[line:88] - DEBUG: [main.py-23][RODC-DDPG][line-11][Training Time Steps - 9]
2022-07-19 14:43:30,278 - D:\rodc-ddpg\globalParameters.py[line:88] - DEBUG: [environment.py-118][RODC-DDPG][line-12][env sends s[9]=[1.00000000e-03 3.50665674e-05 1.00000000e-03 3.47069777e-02
 1.00000000e-03 3.50665674e-05 1.00000000e-03 8.26713284e-01
 1.00000000e-03 3.50665674e-05 1.75332837e-05 1.29137273e-01
 2.50475482e-06 4.25808319e-05 1.00000000e-03 2.17237304e-02
 2.50475482e-06 4.25808319e-05 1.00000000e-03 2.45595489e-02
 5.00950963e-06 1.00190193e-05 1.00000000e-03 1.00000000e+00
 5.00950963e-06 1.00190193e-05 1.00000000e-03 2.63163592e-02
 7.51426445e-06 2.25427934e-05 1.00000000e-03 5.57751298e-01
 7.51426445e-06 2.25427934e-05 1.00000000e-03 9.81388059e-01
 1.00190193e-05 3.75713223e-05 3.00570578e-05 2.11362502e-01
 1.00190193e-05 3.75713223e-05 1.00000000e-03 8.59599592e-01
 1.25237741e-05 3.25618126e-05 1.00000000e-03 3.69084744e-01
 1.25237741e-05 3.25618126e-05 1.00000000e-03 6.07156661e-01
 1.50285289e-05 3.50665674e-05 1.00000000e-03 5.21233392e-05], reward=1.446759 delay=0.000000]

2022-07-19 14:43:30,280 - D:\rodc-ddpg\globalParameters.py[line:90] - DEBUG: [ddpg.py-105][RODC-DDPG][Training critic]
2022-07-19 14:43:30,287 - D:\rodc-ddpg\globalParameters.py[line:90] - DEBUG: [ddpg.py-113][RODC-DDPG][Training actor]
2022-07-19 14:43:30,291 - D:\rodc-ddpg\globalParameters.py[line:90] - DEBUG: [ddpg.py-130][RODC-DDPG][Update actor target]
2022-07-19 14:43:30,295 - D:\rodc-ddpg\globalParameters.py[line:90] - DEBUG: [ddpg.py-138][RODC-DDPG][Update critic target]
2022-07-19 14:43:30,304 - D:\rodc-ddpg\globalParameters.py[line:88] - DEBUG: [environment.py-103][RODC-DDPG][line-24][env executes a[9]=[0.35433143 0.38534135 0.6452027  0.03012963 0.48250037 0.57006925
 0.07764918 0.57192284 0.02095301 0.4110837  0.20101637 0.46010932
 0.3995235  0.46921226 0.57922727 0.22494197 0.29757264 0.1232155
 0.76561004 0.6953792  0.78517467 1.         0.7527916  0.6870081
 0.92568177 0.30377042 0.8837911  0.7097094  0.03327943 0.3947267
 0.44436955 0.3437137  0.20615657 0.4875587  0.         0.8615818
 0.83573395]]
2022-07-19 14:43:30,308 - D:\rodc-ddpg\globalParameters.py[line:88] - DEBUG: [environment.py-192][RODC-DDPG]At time 9.000000~10.000000, 52 REQs are processing, 23 REQs are successfully processed (average service time 0.830870), 0 REQs are reject; Reward: 0.532343
2022-07-19 14:43:30,308 - D:\rodc-ddpg\globalParameters.py[line:88] - DEBUG: [main.py-32][RODC-DDPG]Episode-1 reward: 28.202672
